#
# There is insufficient memory for the Java Runtime Environment to continue.
# Native memory allocation (malloc) failed to allocate 896336 bytes for Chunk::new
# Possible reasons:
#   The system is out of physical RAM or swap space
#   In 32 bit mode, the process size limit was hit
# Possible solutions:
#   Reduce memory load on the system
#   Increase physical memory or swap space
#   Check if swap backing store is full
#   Use 64 bit Java on a 64 bit OS
#   Decrease Java heap size (-Xmx/-Xms)
#   Decrease number of Java threads
#   Decrease Java thread stack sizes (-Xss)
#   Set larger code cache with -XX:ReservedCodeCacheSize=
# This output file may be truncated or incomplete.
#
#  Out of Memory Error (allocation.cpp:390), pid=4232, tid=0x0000000000002aa0
#
# JRE version: OpenJDK Runtime Environment (8.0_152-b02) (build 1.8.0_152-release-1024-b02)
# Java VM: OpenJDK 64-Bit Server VM (25.152-b02 mixed mode windows-amd64 compressed oops)
# Failed to write core dump. Minidumps are not enabled by default on client versions of Windows
#

---------------  T H R E A D  ---------------

Current thread (0x0000000016557800):  JavaThread "C2 CompilerThread0" daemon [_thread_in_native, id=10912, stack(0x0000000017ba0000,0x0000000017ca0000)]

Stack: [0x0000000017ba0000,0x0000000017ca0000]
[error occurred during error reporting (printing stack bounds), id 0xc0000005]

Native frames: (J=compiled Java code, j=interpreted, Vv=VM code, C=native code)


Current CompileTask:
C2:  38589 7998       4       java.io.ObjectOutputStream::writeClassDesc (60 bytes)


---------------  P R O C E S S  ---------------

Java Threads: ( => current thread )
  0x000000001be0f800 JavaThread "Task worker for ':' Thread 3" [_thread_blocked, id=12920, stack(0x0000000025420000,0x0000000025520000)]
  0x000000001b698000 JavaThread "Task worker for ':' Thread 2" [_thread_blocked, id=5508, stack(0x0000000025320000,0x0000000025420000)]
  0x000000001b697000 JavaThread "Task worker for ':'" [_thread_blocked, id=12056, stack(0x0000000025220000,0x0000000025320000)]
  0x000000001b696800 JavaThread "Cache worker for Build Output Cleanup Cache (C:\Users\user\StudioProjects\AndelaDouglasChallenge\.gradle\buildOutputCleanup)" [_thread_blocked, id=14256, stack(0x0000000025120000,0x0000000025220000)]
  0x000000001b695800 JavaThread "Cache worker for task history cache (C:\Users\user\StudioProjects\AndelaDouglasChallenge\.gradle\4.4\taskHistory)" [_thread_blocked, id=9656, stack(0x0000000025020000,0x0000000025120000)]
  0x000000001b695000 JavaThread "build operations Thread 4" [_thread_blocked, id=8740, stack(0x0000000024f20000,0x0000000025020000)]
  0x000000001b694000 JavaThread "build operations Thread 3" [_thread_blocked, id=12880, stack(0x0000000024e20000,0x0000000024f20000)]
  0x000000001b693800 JavaThread "build operations Thread 2" [_thread_in_native, id=10864, stack(0x0000000024d20000,0x0000000024e20000)]
  0x000000001b692800 JavaThread "build operations" [_thread_blocked, id=2088, stack(0x0000000024c20000,0x0000000024d20000)]
  0x000000001b68b000 JavaThread "Cache worker for Artifact transforms cache (C:\Users\user\.gradle\caches\transforms-1)" [_thread_blocked, id=14316, stack(0x0000000024b20000,0x0000000024c20000)]
  0x000000001b692000 JavaThread "Cache worker for file hash cache (C:\Users\user\StudioProjects\AndelaDouglasChallenge\.gradle\4.4\fileHashes)" [_thread_blocked, id=12216, stack(0x0000000024a20000,0x0000000024b20000)]
  0x000000001b68a800 JavaThread "Stdin handler" [_thread_blocked, id=9864, stack(0x0000000024920000,0x0000000024a20000)]
  0x000000001b691000 JavaThread "Asynchronous log dispatcher for DefaultDaemonConnection: socket connection from /127.0.0.1:24788 to /127.0.0.1:24830" [_thread_blocked, id=12156, stack(0x0000000024820000,0x0000000024920000)]
  0x000000001b689800 JavaThread "Cancel handler" [_thread_blocked, id=7300, stack(0x0000000024720000,0x0000000024820000)]
  0x000000001b690800 JavaThread "Handler for socket connection from /127.0.0.1:24788 to /127.0.0.1:24830" [_thread_in_native, id=13596, stack(0x0000000022f40000,0x0000000023040000)]
  0x000000001b68c800 JavaThread "Memory manager" [_thread_blocked, id=8776, stack(0x00000000208b0000,0x00000000209b0000)]
  0x00000000198d5800 JavaThread "File lock request listener" [_thread_in_native, id=8544, stack(0x000000001aff0000,0x000000001b0f0000)]
  0x0000000019677800 JavaThread "Cache worker for file hash cache (C:\Users\user\.gradle\caches\4.4\fileHashes)" [_thread_blocked, id=10228, stack(0x000000001aef0000,0x000000001aff0000)]
  0x0000000019205800 JavaThread "Daemon worker" [_thread_blocked, id=9324, stack(0x000000001a9f0000,0x000000001aaf0000)]
  0x00000000194f9800 JavaThread "Daemon" [_thread_blocked, id=11952, stack(0x000000001a4f0000,0x000000001a5f0000)]
  0x00000000194e8800 JavaThread "Daemon periodic checks" [_thread_blocked, id=9056, stack(0x000000001a3f0000,0x000000001a4f0000)]
  0x00000000195ab800 JavaThread "Incoming local TCP Connector on port 24788" [_thread_in_native, id=12188, stack(0x000000001a1b0000,0x000000001a2b0000)]
  0x0000000017ec0800 JavaThread "Service Thread" daemon [_thread_blocked, id=1396, stack(0x00000000182a0000,0x00000000183a0000)]
  0x000000001655b000 JavaThread "C1 CompilerThread2" daemon [_thread_blocked, id=13472, stack(0x0000000017da0000,0x0000000017ea0000)]
  0x000000001654d800 JavaThread "C2 CompilerThread1" daemon [_thread_blocked, id=7512, stack(0x0000000017ca0000,0x0000000017da0000)]
=>0x0000000016557800 JavaThread "C2 CompilerThread0" daemon [_thread_in_native, id=10912, stack(0x0000000017ba0000,0x0000000017ca0000)]
  0x0000000016556000 JavaThread "Attach Listener" daemon [_thread_blocked, id=6940, stack(0x0000000017aa0000,0x0000000017ba0000)]
  0x0000000016554800 JavaThread "Signal Dispatcher" daemon [_thread_blocked, id=11012, stack(0x00000000179a0000,0x0000000017aa0000)]
  0x0000000002b2c000 JavaThread "Finalizer" daemon [_thread_blocked, id=1412, stack(0x00000000177b0000,0x00000000178b0000)]
  0x0000000002b21000 JavaThread "Reference Handler" daemon [_thread_blocked, id=116, stack(0x00000000176b0000,0x00000000177b0000)]
  0x0000000002bde800 JavaThread "main" [_thread_blocked, id=11064, stack(0x00000000028c0000,0x00000000029c0000)]

Other Threads:
  0x0000000016515000 VMThread [stack: 0x00000000175b0000,0x00000000176b0000] [id=4996]
  0x00000000165ae800 WatcherThread [stack: 0x00000000183a0000,0x00000000184a0000] [id=12400]

VM state:not at safepoint (normal execution)

VM Mutex/Monitor currently owned by a thread: None

Heap:
 PSYoungGen      total 184832K, used 59776K [0x00000000e0000000, 0x00000000ec800000, 0x0000000100000000)
  eden space 168448K, 35% used [0x00000000e0000000,0x00000000e3a60010,0x00000000ea480000)
  from space 16384K, 0% used [0x00000000eb480000,0x00000000eb480000,0x00000000ec480000)
  to   space 16384K, 0% used [0x00000000ea480000,0x00000000ea480000,0x00000000eb480000)
 ParOldGen       total 75264K, used 43897K [0x00000000a0000000, 0x00000000a4980000, 0x00000000e0000000)
  object space 75264K, 58% used [0x00000000a0000000,0x00000000a2ade708,0x00000000a4980000)
 Metaspace       used 59664K, capacity 61844K, committed 61952K, reserved 1101824K
  class space    used 8063K, capacity 8637K, committed 8704K, reserved 1048576K

Card table byte_map: [0x0000000011fa0000,0x00000000122b0000] byte_map_base: 0x0000000011aa0000

Marking Bits: (ParMarkBitMap*) 0x0000000054da4970
 Begin Bits: [0x00000000128b0000, 0x00000000140b0000)
 End Bits:   [0x00000000140b0000, 0x00000000158b0000)

Polling page: 0x0000000001050000

CodeCache: size=245760Kb used=23486Kb max_used=24985Kb free=222274Kb
 bounds [0x0000000002be0000, 0x0000000004460000, 0x0000000011be0000]
 total_blobs=7885 nmethods=7113 adapters=685
 compilation: enabled

Compilation events (10 events):
Event: 38.437 Thread 0x000000001654d800 8000   !   4       java.io.ObjectOutputStream::writeObject (38 bytes)
Event: 38.439 Thread 0x000000001654d800 nmethod 8000 0x00000000033c3bd0 code [0x00000000033c3d20, 0x00000000033c3e18]
Event: 38.479 Thread 0x000000001655b000 8001       3       org.gradle.internal.Factories::softReferenceCache (9 bytes)
Event: 38.480 Thread 0x000000001655b000 nmethod 8001 0x0000000002d60cd0 code [0x0000000002d60e40, 0x0000000002d611b0]
Event: 38.566 Thread 0x000000001655b000 8002       3       org.gradle.api.internal.changedetection.state.IndexedNormalizedFileSnapshot::getNormalizedPath (12 bytes)
Event: 38.567 Thread 0x000000001655b000 nmethod 8002 0x000000000306af10 code [0x000000000306b080, 0x000000000306b2a8]
Event: 38.567 Thread 0x000000001655b000 8004       3       com.google.common.collect.AbstractMapBasedMultimap::wrapList (33 bytes)
Event: 38.567 Thread 0x000000001655b000 nmethod 8004 0x0000000003370750 code [0x0000000003370900, 0x0000000003370e98]
Event: 38.567 Thread 0x000000001655b000 8003       3       com.google.common.collect.AbstractListMultimap::get (9 bytes)
Event: 38.568 Thread 0x000000001655b000 nmethod 8003 0x00000000033343d0 code [0x0000000003334580, 0x0000000003334ca8]

GC Heap History (10 events):
Event: 17.558 GC heap before
{Heap before GC invocations=13 (full 2):
 PSYoungGen      total 109568K, used 107074K [0x00000000e0000000, 0x00000000e7800000, 0x0000000100000000)
  eden space 99328K, 100% used [0x00000000e0000000,0x00000000e6100000,0x00000000e6100000)
  from space 10240K, 75% used [0x00000000e6e00000,0x00000000e7590bb0,0x00000000e7800000)
  to   space 11776K, 0% used [0x00000000e6100000,0x00000000e6100000,0x00000000e6c80000)
 ParOldGen       total 75264K, used 18892K [0x00000000a0000000, 0x00000000a4980000, 0x00000000e0000000)
  object space 75264K, 25% used [0x00000000a0000000,0x00000000a12733f8,0x00000000a4980000)
 Metaspace       used 48747K, capacity 50032K, committed 50176K, reserved 1091584K
  class space    used 6651K, capacity 7054K, committed 7168K, reserved 1048576K
Event: 17.601 GC heap after
Heap after GC invocations=13 (full 2):
 PSYoungGen      total 111104K, used 11760K [0x00000000e0000000, 0x00000000e9c00000, 0x0000000100000000)
  eden space 99328K, 0% used [0x00000000e0000000,0x00000000e0000000,0x00000000e6100000)
  from space 11776K, 99% used [0x00000000e6100000,0x00000000e6c7c3b8,0x00000000e6c80000)
  to   space 14848K, 0% used [0x00000000e8d80000,0x00000000e8d80000,0x00000000e9c00000)
 ParOldGen       total 75264K, used 22823K [0x00000000a0000000, 0x00000000a4980000, 0x00000000e0000000)
  object space 75264K, 30% used [0x00000000a0000000,0x00000000a1649d28,0x00000000a4980000)
 Metaspace       used 48747K, capacity 50032K, committed 50176K, reserved 1091584K
  class space    used 6651K, capacity 7054K, committed 7168K, reserved 1048576K
}
Event: 21.597 GC heap before
{Heap before GC invocations=14 (full 2):
 PSYoungGen      total 111104K, used 111088K [0x00000000e0000000, 0x00000000e9c00000, 0x0000000100000000)
  eden space 99328K, 100% used [0x00000000e0000000,0x00000000e6100000,0x00000000e6100000)
  from space 11776K, 99% used [0x00000000e6100000,0x00000000e6c7c3b8,0x00000000e6c80000)
  to   space 14848K, 0% used [0x00000000e8d80000,0x00000000e8d80000,0x00000000e9c00000)
 ParOldGen       total 75264K, used 22823K [0x00000000a0000000, 0x00000000a4980000, 0x00000000e0000000)
  object space 75264K, 30% used [0x00000000a0000000,0x00000000a1649d28,0x00000000a4980000)
 Metaspace       used 53956K, capacity 55676K, committed 55808K, reserved 1097728K
  class space    used 7470K, capacity 7923K, committed 7936K, reserved 1048576K
Event: 21.641 GC heap after
Heap after GC invocations=14 (full 2):
 PSYoungGen      total 143872K, used 10538K [0x00000000e0000000, 0x00000000e9c00000, 0x0000000100000000)
  eden space 129024K, 0% used [0x00000000e0000000,0x00000000e0000000,0x00000000e7e00000)
  from space 14848K, 70% used [0x00000000e8d80000,0x00000000e97ca880,0x00000000e9c00000)
  to   space 15360K, 0% used [0x00000000e7e00000,0x00000000e7e00000,0x00000000e8d00000)
 ParOldGen       total 75264K, used 32504K [0x00000000a0000000, 0x00000000a4980000, 0x00000000e0000000)
  object space 75264K, 43% used [0x00000000a0000000,0x00000000a1fbe158,0x00000000a4980000)
 Metaspace       used 53956K, capacity 55676K, committed 55808K, reserved 1097728K
  class space    used 7470K, capacity 7923K, committed 7936K, reserved 1048576K
}
Event: 26.856 GC heap before
{Heap before GC invocations=15 (full 2):
 PSYoungGen      total 143872K, used 139562K [0x00000000e0000000, 0x00000000e9c00000, 0x0000000100000000)
  eden space 129024K, 100% used [0x00000000e0000000,0x00000000e7e00000,0x00000000e7e00000)
  from space 14848K, 70% used [0x00000000e8d80000,0x00000000e97ca880,0x00000000e9c00000)
  to   space 15360K, 0% used [0x00000000e7e00000,0x00000000e7e00000,0x00000000e8d00000)
 ParOldGen       total 75264K, used 32504K [0x00000000a0000000, 0x00000000a4980000, 0x00000000e0000000)
  object space 75264K, 43% used [0x00000000a0000000,0x00000000a1fbe158,0x00000000a4980000)
 Metaspace       used 55664K, capacity 57414K, committed 57600K, reserved 1099776K
  class space    used 7650K, capacity 8154K, committed 8192K, reserved 1048576K
Event: 26.944 GC heap after
Heap after GC invocations=15 (full 2):
 PSYoungGen      total 144384K, used 12348K [0x00000000e0000000, 0x00000000ec480000, 0x0000000100000000)
  eden space 129024K, 0% used [0x00000000e0000000,0x00000000e0000000,0x00000000e7e00000)
  from space 15360K, 80% used [0x00000000e7e00000,0x00000000e8a0f170,0x00000000e8d00000)
  to   space 16384K, 0% used [0x00000000eb480000,0x00000000eb480000,0x00000000ec480000)
 ParOldGen       total 75264K, used 40030K [0x00000000a0000000, 0x00000000a4980000, 0x00000000e0000000)
  object space 75264K, 53% used [0x00000000a0000000,0x00000000a27179e8,0x00000000a4980000)
 Metaspace       used 55664K, capacity 57414K, committed 57600K, reserved 1099776K
  class space    used 7650K, capacity 8154K, committed 8192K, reserved 1048576K
}
Event: 28.233 GC heap before
{Heap before GC invocations=16 (full 2):
 PSYoungGen      total 144384K, used 35915K [0x00000000e0000000, 0x00000000ec480000, 0x0000000100000000)
  eden space 129024K, 18% used [0x00000000e0000000,0x00000000e1703d50,0x00000000e7e00000)
  from space 15360K, 80% used [0x00000000e7e00000,0x00000000e8a0f170,0x00000000e8d00000)
  to   space 16384K, 0% used [0x00000000eb480000,0x00000000eb480000,0x00000000ec480000)
 ParOldGen       total 75264K, used 40030K [0x00000000a0000000, 0x00000000a4980000, 0x00000000e0000000)
  object space 75264K, 53% used [0x00000000a0000000,0x00000000a27179e8,0x00000000a4980000)
 Metaspace       used 56886K, capacity 58916K, committed 59028K, reserved 1099776K
  class space    used 7789K, capacity 8341K, committed 8448K, reserved 1048576K
Event: 28.269 GC heap after
Heap after GC invocations=16 (full 2):
 PSYoungGen      total 184832K, used 1794K [0x00000000e0000000, 0x00000000ec800000, 0x0000000100000000)
  eden space 168448K, 0% used [0x00000000e0000000,0x00000000e0000000,0x00000000ea480000)
  from space 16384K, 10% used [0x00000000eb480000,0x00000000eb640808,0x00000000ec480000)
  to   space 16384K, 0% used [0x00000000ea480000,0x00000000ea480000,0x00000000eb480000)
 ParOldGen       total 75264K, used 51554K [0x00000000a0000000, 0x00000000a4980000, 0x00000000e0000000)
  object space 75264K, 68% used [0x00000000a0000000,0x00000000a3258a98,0x00000000a4980000)
 Metaspace       used 56886K, capacity 58916K, committed 59028K, reserved 1099776K
  class space    used 7789K, capacity 8341K, committed 8448K, reserved 1048576K
}
Event: 28.270 GC heap before
{Heap before GC invocations=17 (full 3):
 PSYoungGen      total 184832K, used 1794K [0x00000000e0000000, 0x00000000ec800000, 0x0000000100000000)
  eden space 168448K, 0% used [0x00000000e0000000,0x00000000e0000000,0x00000000ea480000)
  from space 16384K, 10% used [0x00000000eb480000,0x00000000eb640808,0x00000000ec480000)
  to   space 16384K, 0% used [0x00000000ea480000,0x00000000ea480000,0x00000000eb480000)
 ParOldGen       total 75264K, used 51554K [0x00000000a0000000, 0x00000000a4980000, 0x00000000e0000000)
  object space 75264K, 68% used [0x00000000a0000000,0x00000000a3258a98,0x00000000a4980000)
 Metaspace       used 56886K, capacity 58916K, committed 59028K, reserved 1099776K
  class space    used 7789K, capacity 8341K, committed 8448K, reserved 1048576K
Event: 28.790 GC heap after
Heap after GC invocations=17 (full 3):
 PSYoungGen      total 184832K, used 0K [0x00000000e0000000, 0x00000000ec800000, 0x0000000100000000)
  eden space 168448K, 0% used [0x00000000e0000000,0x00000000e0000000,0x00000000ea480000)
  from space 16384K, 0% used [0x00000000eb480000,0x00000000eb480000,0x00000000ec480000)
  to   space 16384K, 0% used [0x00000000ea480000,0x00000000ea480000,0x00000000eb480000)
 ParOldGen       total 75264K, used 43897K [0x00000000a0000000, 0x00000000a4980000, 0x00000000e0000000)
  object space 75264K, 58% used [0x00000000a0000000,0x00000000a2ade708,0x00000000a4980000)
 Metaspace       used 56886K, capacity 58916K, committed 59028K, reserved 1099776K
  class space    used 7789K, capacity 8341K, committed 8448K, reserved 1048576K
}

Deoptimization events (10 events):
Event: 38.344 Thread 0x000000001b695000 Uncommon trap: reason=unstable_if action=reinterpret pc=0x0000000003055238 method=java.util.concurrent.ConcurrentHashMap.addCount(JI)V @ 7
Event: 38.542 Thread 0x000000001be0f800 Uncommon trap: reason=class_check action=maybe_recompile pc=0x000000000410835c method=com.google.common.collect.AbstractIterator.tryToComputeNext()Z @ 9
Event: 38.542 Thread 0x000000001be0f800 Uncommon trap: reason=class_check action=maybe_recompile pc=0x000000000410835c method=com.google.common.collect.AbstractIterator.tryToComputeNext()Z @ 9
Event: 38.546 Thread 0x000000001be0f800 Uncommon trap: reason=class_check action=maybe_recompile pc=0x000000000410835c method=com.google.common.collect.AbstractIterator.tryToComputeNext()Z @ 9
Event: 38.546 Thread 0x000000001be0f800 Uncommon trap: reason=class_check action=maybe_recompile pc=0x000000000410835c method=com.google.common.collect.AbstractIterator.tryToComputeNext()Z @ 9
Event: 38.564 Thread 0x000000001be0f800 Uncommon trap: reason=class_check action=maybe_recompile pc=0x00000000042bcf8c method=com.google.common.collect.AbstractMapBasedMultimap.wrapCollection(Ljava/lang/Object;Ljava/util/Collection;)Ljava/util/Collection; @ 44
Event: 38.564 Thread 0x000000001be0f800 Uncommon trap: reason=bimorphic action=maybe_recompile pc=0x0000000004279014 method=java.util.HashMap.removeNode(ILjava/lang/Object;Ljava/lang/Object;ZZ)Ljava/util/HashMap$Node; @ 68
Event: 38.564 Thread 0x000000001be0f800 Uncommon trap: reason=class_check action=maybe_recompile pc=0x00000000042bcf8c method=com.google.common.collect.AbstractMapBasedMultimap.wrapCollection(Ljava/lang/Object;Ljava/util/Collection;)Ljava/util/Collection; @ 44
Event: 38.564 Thread 0x000000001be0f800 Uncommon trap: reason=class_check action=maybe_recompile pc=0x00000000042bcf8c method=com.google.common.collect.AbstractMapBasedMultimap.wrapCollection(Ljava/lang/Object;Ljava/util/Collection;)Ljava/util/Collection; @ 44
Event: 38.564 Thread 0x000000001be0f800 Uncommon trap: reason=class_check action=maybe_recompile pc=0x00000000042bcf8c method=com.google.common.collect.AbstractMapBasedMultimap.wrapCollection(Ljava/lang/Object;Ljava/util/Collection;)Ljava/util/Collection; @ 44

Classes redefined (0 events):
No events

Internal exceptions (10 events):
Event: 36.826 Thread 0x0000000019205800 Exception <a 'sun/nio/fs/WindowsException'> (0x00000000e1d4ffc0) thrown at [D:\src\AOSP-openjdk-cygwin\jdk8u\hotspot\src\share\vm\prims\jni.cpp, line 709]
Event: 36.831 Thread 0x0000000019205800 Exception <a 'sun/nio/fs/WindowsException'> (0x00000000e1d55960) thrown at [D:\src\AOSP-openjdk-cygwin\jdk8u\hotspot\src\share\vm\prims\jni.cpp, line 709]
Event: 36.832 Thread 0x0000000019205800 Exception <a 'sun/nio/fs/WindowsException'> (0x00000000e1d56678) thrown at [D:\src\AOSP-openjdk-cygwin\jdk8u\hotspot\src\share\vm\prims\jni.cpp, line 709]
Event: 36.832 Thread 0x0000000019205800 Exception <a 'sun/nio/fs/WindowsException'> (0x00000000e1d587a8) thrown at [D:\src\AOSP-openjdk-cygwin\jdk8u\hotspot\src\share\vm\prims\jni.cpp, line 709]
Event: 36.832 Thread 0x0000000019205800 Exception <a 'sun/nio/fs/WindowsException'> (0x00000000e1d594f8) thrown at [D:\src\AOSP-openjdk-cygwin\jdk8u\hotspot\src\share\vm\prims\jni.cpp, line 709]
Event: 37.451 Thread 0x000000001be0f800 Exception <a 'java/lang/NoSuchMethodError': <clinit>> (0x00000000e2b807a8) thrown at [D:\src\AOSP-openjdk-cygwin\jdk8u\hotspot\src\share\vm\prims\jni.cpp, line 1613]
Event: 37.452 Thread 0x000000001be0f800 Exception <a 'java/lang/NoSuchMethodError': <clinit>> (0x00000000e2b8b9f0) thrown at [D:\src\AOSP-openjdk-cygwin\jdk8u\hotspot\src\share\vm\prims\jni.cpp, line 1613]
Event: 37.483 Thread 0x000000001be0f800 Exception <a 'java/lang/NoSuchMethodError': <clinit>> (0x00000000e2c014d8) thrown at [D:\src\AOSP-openjdk-cygwin\jdk8u\hotspot\src\share\vm\prims\jni.cpp, line 1613]
Event: 37.484 Thread 0x000000001be0f800 Exception <a 'java/lang/NoSuchMethodError': <clinit>> (0x00000000e2c142e0) thrown at [D:\src\AOSP-openjdk-cygwin\jdk8u\hotspot\src\share\vm\prims\jni.cpp, line 1613]
Event: 37.484 Thread 0x000000001be0f800 Exception <a 'java/lang/NoSuchMethodError': <clinit>> (0x00000000e2c15b90) thrown at [D:\src\AOSP-openjdk-cygwin\jdk8u\hotspot\src\share\vm\prims\jni.cpp, line 1613]

Events (10 events):
Event: 38.565 loading class org/gradle/api/internal/changedetection/rules/ChangeType
Event: 38.565 loading class org/gradle/api/internal/changedetection/rules/ChangeType done
Event: 38.567 loading class org/gradle/api/internal/tasks/execution/OutputDirectoryCreatingTaskExecuter$1
Event: 38.567 loading class org/gradle/api/internal/tasks/execution/OutputDirectoryCreatingTaskExecuter$1 done
Event: 38.568 loading class org/gradle/internal/logging/compatbridge/LoggingManagerInternalCompatibilityBridge
Event: 38.568 loading class org/gradle/internal/logging/compatbridge/LoggingManagerInternalCompatibilityBridge done
Event: 38.569 loading class org/gradle/api/internal/tasks/execution/ExecuteActionsTaskExecuter$1
Event: 38.569 loading class org/gradle/api/internal/tasks/execution/ExecuteActionsTaskExecuter$1 done
Event: 38.570 loading class org/gradle/api/internal/tasks/execution/ExecuteActionsTaskExecuter$MultipleTaskActionFailures
Event: 38.570 loading class org/gradle/api/internal/tasks/execution/ExecuteActionsTaskExecuter$MultipleTaskActionFailures done


Dynamic libraries:
0x00007ff701df0000 - 0x00007ff701e21000 	C:\Program Files\Android\Android Studio\jre\bin\java.exe
0x00007ffe70fb0000 - 0x00007ffe71191000 	C:\WINDOWS\SYSTEM32\ntdll.dll
0x00007ffe6fcc0000 - 0x00007ffe6fd71000 	C:\WINDOWS\System32\KERNEL32.DLL
0x00007ffe6d380000 - 0x00007ffe6d5f3000 	C:\WINDOWS\System32\KERNELBASE.dll
0x00007ffe706f0000 - 0x00007ffe70791000 	C:\WINDOWS\System32\ADVAPI32.dll
0x00007ffe70880000 - 0x00007ffe7091e000 	C:\WINDOWS\System32\msvcrt.dll
0x00007ffe707a0000 - 0x00007ffe707fb000 	C:\WINDOWS\System32\sechost.dll
0x00007ffe70e50000 - 0x00007ffe70f74000 	C:\WINDOWS\System32\RPCRT4.dll
0x00007ffe6f9a0000 - 0x00007ffe6fb30000 	C:\WINDOWS\System32\USER32.dll
0x00007ffe6d880000 - 0x00007ffe6d8a0000 	C:\WINDOWS\System32\win32u.dll
0x00007ffe70270000 - 0x00007ffe70298000 	C:\WINDOWS\System32\GDI32.dll
0x00007ffe6e2a0000 - 0x00007ffe6e431000 	C:\WINDOWS\System32\gdi32full.dll
0x00007ffe6da90000 - 0x00007ffe6db2f000 	C:\WINDOWS\System32\msvcp_win.dll
0x00007ffe6d780000 - 0x00007ffe6d878000 	C:\WINDOWS\System32\ucrtbase.dll
0x00007ffe64080000 - 0x00007ffe642e9000 	C:\WINDOWS\WinSxS\amd64_microsoft.windows.common-controls_6595b64144ccf1df_6.0.17134.829_none_fb46a5473061b9d5\COMCTL32.dll
0x00007ffe70b20000 - 0x00007ffe70e42000 	C:\WINDOWS\System32\combase.dll
0x00007ffe6d600000 - 0x00007ffe6d67a000 	C:\WINDOWS\System32\bcryptPrimitives.dll
0x00007ffe6fb30000 - 0x00007ffe6fb5d000 	C:\WINDOWS\System32\IMM32.DLL
0x0000000054420000 - 0x00000000544f2000 	C:\Program Files\Android\Android Studio\jre\jre\bin\msvcr100.dll
0x00000000545e0000 - 0x0000000054e1f000 	C:\Program Files\Android\Android Studio\jre\jre\bin\server\jvm.dll
0x00007ffe6fda0000 - 0x00007ffe6fda8000 	C:\WINDOWS\System32\PSAPI.DLL
0x00007ffe676b0000 - 0x00007ffe676b9000 	C:\WINDOWS\SYSTEM32\WSOCK32.dll
0x00007ffe5fea0000 - 0x00007ffe5fec3000 	C:\WINDOWS\SYSTEM32\WINMM.dll
0x00007ffe70810000 - 0x00007ffe7087c000 	C:\WINDOWS\System32\WS2_32.dll
0x00007ffe64040000 - 0x00007ffe6404a000 	C:\WINDOWS\SYSTEM32\VERSION.dll
0x00007ffe5fe40000 - 0x00007ffe5fe6a000 	C:\WINDOWS\SYSTEM32\WINMMBASE.dll
0x00007ffe6d730000 - 0x00007ffe6d779000 	C:\WINDOWS\System32\cfgmgr32.dll
0x00007ffe675b0000 - 0x00007ffe675bf000 	C:\Program Files\Android\Android Studio\jre\jre\bin\verify.dll
0x00007ffe67550000 - 0x00007ffe67579000 	C:\Program Files\Android\Android Studio\jre\jre\bin\java.dll
0x00007ffe66310000 - 0x00007ffe66326000 	C:\Program Files\Android\Android Studio\jre\jre\bin\zip.dll
0x00007ffe6e4e0000 - 0x00007ffe6f920000 	C:\WINDOWS\System32\SHELL32.dll
0x00007ffe6fff0000 - 0x00007ffe70099000 	C:\WINDOWS\System32\shcore.dll
0x00007ffe6db90000 - 0x00007ffe6e29d000 	C:\WINDOWS\System32\windows.storage.dll
0x00007ffe6ff90000 - 0x00007ffe6ffe1000 	C:\WINDOWS\System32\shlwapi.dll
0x00007ffe6d360000 - 0x00007ffe6d371000 	C:\WINDOWS\System32\kernel.appcore.dll
0x00007ffe6d340000 - 0x00007ffe6d35f000 	C:\WINDOWS\System32\profapi.dll
0x00007ffe6d2d0000 - 0x00007ffe6d31c000 	C:\WINDOWS\System32\powrprof.dll
0x00007ffe6d2c0000 - 0x00007ffe6d2ca000 	C:\WINDOWS\System32\FLTLIB.DLL
0x00007ffe624e0000 - 0x00007ffe624fa000 	C:\Program Files\Android\Android Studio\jre\jre\bin\net.dll
0x00007ffe6cb40000 - 0x00007ffe6cba6000 	C:\WINDOWS\system32\mswsock.dll
0x00007ffe623b0000 - 0x00007ffe623c1000 	C:\Program Files\Android\Android Studio\jre\jre\bin\nio.dll
0x00007ffe5ec70000 - 0x00007ffe5ec8e000 	C:\Users\user\.gradle\native\25\windows-amd64\native-platform.dll
0x00007ffe675a0000 - 0x00007ffe675ad000 	C:\Program Files\Android\Android Studio\jre\jre\bin\management.dll
0x00007ffe6ccf0000 - 0x00007ffe6cd07000 	C:\WINDOWS\SYSTEM32\CRYPTSP.dll
0x00007ffe6c730000 - 0x00007ffe6c763000 	C:\WINDOWS\system32\rsaenh.dll
0x00007ffe6ce20000 - 0x00007ffe6ce45000 	C:\WINDOWS\SYSTEM32\bcrypt.dll
0x00007ffe6d1f0000 - 0x00007ffe6d218000 	C:\WINDOWS\SYSTEM32\USERENV.dll
0x00007ffe6cd10000 - 0x00007ffe6cd1b000 	C:\WINDOWS\SYSTEM32\CRYPTBASE.dll
0x00007ffe6c8d0000 - 0x00007ffe6c908000 	C:\WINDOWS\SYSTEM32\IPHLPAPI.DLL
0x00007ffe70800000 - 0x00007ffe70808000 	C:\WINDOWS\System32\NSI.dll
0x00007ffe67580000 - 0x00007ffe67596000 	C:\WINDOWS\SYSTEM32\dhcpcsvc6.DLL
0x00007ffe678e0000 - 0x00007ffe678fa000 	C:\WINDOWS\SYSTEM32\dhcpcsvc.DLL

VM Arguments:
jvm_args: -Xmx1536m -Dfile.encoding=windows-1252 -Duser.country=US -Duser.language=en -Duser.variant 
java_command: org.gradle.launcher.daemon.bootstrap.GradleDaemon 4.4
java_class_path (initial): C:\Users\user\.gradle\wrapper\dists\gradle-4.4-all\9br9xq1tocpiv8o6njlyu5op1\gradle-4.4\lib\gradle-launcher-4.4.jar
Launcher Type: SUN_STANDARD

Environment Variables:
PATH=C:\Program Files (x86)\Common Files\Oracle\Java\javapath;C:\Program Files (x86)\Notepad++\plugins\database;C:\Program Files (x86)\Notepad++\plugins\PHP\ext;C:\Program Files (x86)\Notepad++\plugins\PHP;C:\WINDOWS\system32;C:\WINDOWS;C:\WINDOWS\System32\Wbem;C:\WINDOWS\System32\WindowsPowerShell\v1.0\;C:\Program Files\Git\cmd;C:\WINDOWS\System32\OpenSSH\;C:\Program Files\dotnet\;C:\Program Files\PuTTY\;c:\Program Files (x86)\Microsoft SQL Server\110\Tools\Binn\ManagementStudio\;c:\Program Files (x86)\Microsoft SQL Server\110\Tools\Binn\;c:\Program Files\Microsoft SQL Server\110\Tools\Binn\;c:\Program Files (x86)\Microsoft SQL Server\110\DTS\Binn\;C:\Program Files\nodejs\;C:\Users\user\AppData\Local\Microsoft\WindowsApps;C:\Users\user\AppData\Local\GitHubDesktop\bin;C:\Users\user\AppData\Local\atom\bin;C:\Python27;;C:\Program Files\JetBrains\IntelliJ IDEA Community Edition 2019.1.1\bin;;C:\Program Files\JetBrains\CLion 2019.1.3\bin;;C:\Users\user\AppData\Roaming\npm;C:\Users\user\AppData\Local\Programs\Microsoft VS Code\bin
USERNAME=user
OS=Windows_NT
PROCESSOR_IDENTIFIER=Intel64 Family 6 Model 37 Stepping 2, GenuineIntel



---------------  S Y S T E M  ---------------

OS: Windows 10.0 , 64 bit Build 17134 (10.0.17134.753)

CPU:total 4 (initial active 4) (2 cores per cpu, 2 threads per core) family 6 model 37 stepping 2, cmov, cx8, fxsr, mmx, sse, sse2, sse3, ssse3, sse4.1, sse4.2, popcnt, aes, clmul, ht, tsc, tscinvbit

Memory: 4k page, physical 6084432k(978416k free), swap 8406588k(3480k free)

vm_info: OpenJDK 64-Bit Server VM (25.152-b02) for windows-amd64 JRE (1.8.0_152-release-1024-b02), built by "builder" with MS VC++ 10.0 (VS2010)

time: Fri Jul 12 22:02:37 2019
elapsed time: 38 seconds (0d 0h 0m 38s)

